Watching for file changes with StatReloader
"GET / HTTP/1.1" 200 15116
"GET /static/myapp/img/mebel61.jpeg HTTP/1.1" 304 0
"GET /static/myapp/img/mebel60.jpeg HTTP/1.1" 304 0
"GET /static/myapp/img/mebel62.jpeg HTTP/1.1" 304 0
"GET /static/myapp/img/mebel63.jpeg HTTP/1.1" 304 0
- Broken pipe from ('127.0.0.1', 53199)
- Broken pipe from ('127.0.0.1', 53198)
Watching for file changes with StatReloader
"GET / HTTP/1.1" 200 15116
- Broken pipe from ('127.0.0.1', 53213)
"GET /les2/forms/ HTTP/1.1" 200 4272
- Broken pipe from ('127.0.0.1', 53214)
"POST /les2/forms/ HTTP/1.1" 200 4438
Watching for file changes with StatReloader
"GET / HTTP/1.1" 200 15116
"GET /static/myapp/img/mebel21.jpeg HTTP/1.1" 200 1320113
"GET /static/myapp/img/mebel20.jpeg HTTP/1.1" 200 501693
"GET /static/myapp/img/mebel23.jpeg HTTP/1.1" 200 1214711
"GET /static/myapp/img/mebel22.jpeg HTTP/1.1" 200 1299770
"GET /static/myapp/img/mebel50.jpeg HTTP/1.1" 200 205991
"GET /static/myapp/img/mebel31.jpeg HTTP/1.1" 200 138058
"GET /static/myapp/img/mebel32.jpeg HTTP/1.1" 200 204729
"GET /static/myapp/img/mebel25.jpeg HTTP/1.1" 200 197044
"GET /static/myapp/img/mebel30.jpeg HTTP/1.1" 200 111942
"GET /static/myapp/img/mebel24.jpeg HTTP/1.1" 200 285077
"GET /static/myapp/img/mebel51.jpeg HTTP/1.1" 200 140208
"GET /static/myapp/img/mebel60.jpeg HTTP/1.1" 304 0
"GET /static/myapp/img/mebel61.jpeg HTTP/1.1" 304 0
"GET /static/myapp/img/mebel62.jpeg HTTP/1.1" 304 0
"GET /static/myapp/img/mebel63.jpeg HTTP/1.1" 304 0
"GET /static/myapp/img/mebel52.jpeg HTTP/1.1" 200 372684
- Broken pipe from ('127.0.0.1', 54484)
- Broken pipe from ('127.0.0.1', 54478)
"GET /admin/ HTTP/1.1" 302 0
"GET /admin/login/?next=/admin/ HTTP/1.1" 200 4158
"GET /static/admin/css/login.css HTTP/1.1" 200 958
"GET /static/admin/css/nav_sidebar.css HTTP/1.1" 200 2810
"GET /static/admin/css/dark_mode.css HTTP/1.1" 200 2682
"GET /static/admin/css/base.css HTTP/1.1" 200 21544
"GET /static/admin/css/responsive.css HTTP/1.1" 200 17905
"GET /static/admin/js/theme.js HTTP/1.1" 200 1943
"GET /static/admin/js/nav_sidebar.js HTTP/1.1" 200 3063
/Users/alexanderzagaynov/PycharmProjects/DiplomProject/myproject/myproject/settings.py changed, reloading.
Watching for file changes with StatReloader
"GET / HTTP/1.1" 200 15116
- Broken pipe from ('127.0.0.1', 54527)
"GET /admin/ HTTP/1.1" 302 0
"GET /admin/login/?next=/admin/ HTTP/1.1" 200 4359
- Broken pipe from ('127.0.0.1', 54528)
Watching for file changes with StatReloader
"GET / HTTP/1.1" 200 15116
- Broken pipe from ('127.0.0.1', 54549)
"GET /admin/ HTTP/1.1" 302 0
"GET /admin/login/?next=/admin/ HTTP/1.1" 200 4359
"POST /admin/login/?next=/admin/ HTTP/1.1" 302 0
"GET /admin/ HTTP/1.1" 200 5948
"GET /static/admin/css/dashboard.css HTTP/1.1" 200 441
"GET /static/admin/img/icon-changelink.svg HTTP/1.1" 200 380
"GET /static/admin/img/icon-addlink.svg HTTP/1.1" 200 331
- Broken pipe from ('127.0.0.1', 54550)
"GET /admin/auth/user/add/ HTTP/1.1" 200 11242
"GET /static/admin/css/forms.css HTTP/1.1" 200 9090
"GET /static/admin/js/jquery.init.js HTTP/1.1" 200 347
"GET /static/admin/js/core.js HTTP/1.1" 200 6208
"GET /static/admin/js/admin/RelatedObjectLookups.js HTTP/1.1" 200 9042
"GET /static/admin/js/actions.js HTTP/1.1" 200 8067
"GET /static/admin/js/prepopulate.js HTTP/1.1" 200 1531
"GET /static/admin/js/urlify.js HTTP/1.1" 200 7887
"GET /admin/jsi18n/ HTTP/1.1" 200 17546
"GET /static/admin/js/prepopulate_init.js HTTP/1.1" 200 586
"GET /static/admin/js/vendor/jquery/jquery.js HTTP/1.1" 200 285314
"GET /static/admin/js/vendor/xregexp/xregexp.js HTTP/1.1" 200 325171
"GET /static/admin/css/widgets.css HTTP/1.1" 200 11800
"GET /static/admin/js/change_form.js HTTP/1.1" 200 606
"POST /admin/auth/user/add/ HTTP/1.1" 302 0
"GET /admin/auth/user/2/change/ HTTP/1.1" 200 23778
"GET /admin/jsi18n/ HTTP/1.1" 200 17546
"GET /static/admin/js/SelectFilter2.js HTTP/1.1" 200 15492
"GET /static/admin/js/SelectBox.js HTTP/1.1" 200 4530
"GET /static/admin/js/calendar.js HTTP/1.1" 200 9141
"GET /static/admin/js/admin/DateTimeShortcuts.js HTTP/1.1" 200 19319
"GET /static/admin/img/icon-yes.svg HTTP/1.1" 200 436
"GET /static/admin/img/icon-unknown.svg HTTP/1.1" 200 655
"GET /static/admin/img/icon-unknown-alt.svg HTTP/1.1" 200 655
"GET /static/admin/img/search.svg HTTP/1.1" 200 458
"GET /static/admin/img/icon-calendar.svg HTTP/1.1" 200 1086
"GET /static/admin/img/selector-icons.svg HTTP/1.1" 200 3291
"GET /static/admin/img/icon-clock.svg HTTP/1.1" 200 677
Watching for file changes with StatReloader
"GET / HTTP/1.1" 200 15116
- Broken pipe from ('127.0.0.1', 54652)
"GET /admin/ HTTP/1.1" 200 6351
"GET /admin/auth/group/ HTTP/1.1" 200 7787
"GET /static/admin/css/changelists.css HTTP/1.1" 200 6811
"GET /admin/jsi18n/ HTTP/1.1" 200 17546
"GET /static/admin/js/filters.js HTTP/1.1" 200 978
"GET /static/admin/img/tooltag-add.svg HTTP/1.1" 200 331
"GET /admin/auth/group/ HTTP/1.1" 200 7787
"GET /admin/jsi18n/ HTTP/1.1" 200 17546
"GET /admin/auth/user/ HTTP/1.1" 200 12462
"GET /admin/jsi18n/ HTTP/1.1" 200 17546
"GET /static/admin/img/icon-no.svg HTTP/1.1" 200 560
"GET /static/admin/img/sorting-icons.svg HTTP/1.1" 200 1097
"GET /static/admin/img/icon-viewlink.svg HTTP/1.1" 200 581
- Broken pipe from ('127.0.0.1', 54653)
/Users/alexanderzagaynov/PycharmProjects/DiplomProject/myproject/myapp2/admin.py changed, reloading.
Watching for file changes with StatReloader
/Users/alexanderzagaynov/PycharmProjects/DiplomProject/myproject/myapp2/admin.py changed, reloading.
Watching for file changes with StatReloader
"GET / HTTP/1.1" 200 15116
- Broken pipe from ('127.0.0.1', 54669)
"GET /admin/ HTTP/1.1" 200 7501
- Broken pipe from ('127.0.0.1', 54670)
/Users/alexanderzagaynov/PycharmProjects/DiplomProject/myproject/myapp2/admin.py changed, reloading.
Watching for file changes with StatReloader
"GET / HTTP/1.1" 200 15116
- Broken pipe from ('127.0.0.1', 54685)
"GET /admin/ HTTP/1.1" 200 8820
- Broken pipe from ('127.0.0.1', 54686)
"GET /admin/myapp2/furniture/ HTTP/1.1" 200 9191
"GET /admin/jsi18n/ HTTP/1.1" 200 17546
"GET /admin/myapp2/category/ HTTP/1.1" 200 9184
"GET /admin/jsi18n/ HTTP/1.1" 200 17546
"GET /admin/ HTTP/1.1" 200 8820
"GET / HTTP/1.1" 200 15116
- Broken pipe from ('127.0.0.1', 54703)
- Broken pipe from ('127.0.0.1', 54704)
"GET / HTTP/1.1" 200 15116
- Broken pipe from ('127.0.0.1', 54715)
"GET /admin/ HTTP/1.1" 200 8820
"GET /admin/myapp2/user/ HTTP/1.1" 200 9156
"GET /admin/jsi18n/ HTTP/1.1" 200 17546
"GET /admin/auth/group/ HTTP/1.1" 200 9553
"GET /admin/jsi18n/ HTTP/1.1" 200 17546
"GET /admin/myapp2/order/ HTTP/1.1" 200 9163
"GET /admin/jsi18n/ HTTP/1.1" 200 17546
"GET /admin/myapp2/furniture/ HTTP/1.1" 200 9191
"GET /admin/jsi18n/ HTTP/1.1" 200 17546
"GET /admin/myapp2/furniture/add/ HTTP/1.1" 200 14346
"GET /admin/jsi18n/ HTTP/1.1" 200 17546
"POST /admin/myapp2/furniture/add/ HTTP/1.1" 200 14953
"GET /admin/jsi18n/ HTTP/1.1" 200 17546
- Broken pipe from ('127.0.0.1', 54716)
"GET /admin/myapp2/order/ HTTP/1.1" 200 9163
"GET /admin/jsi18n/ HTTP/1.1" 200 17546
"GET /admin/myapp2/furniture/ HTTP/1.1" 200 9191
"GET /admin/jsi18n/ HTTP/1.1" 200 17546
"GET /admin/myapp2/category/ HTTP/1.1" 200 9184
"GET /admin/jsi18n/ HTTP/1.1" 200 17546
"GET /admin/myapp2/category/add/ HTTP/1.1" 200 10025
"GET /admin/jsi18n/ HTTP/1.1" 200 17546
"POST /admin/myapp2/category/add/ HTTP/1.1" 302 0
"GET /admin/myapp2/category/ HTTP/1.1" 200 10902
"GET /admin/jsi18n/ HTTP/1.1" 200 17546
"GET /admin/myapp2/category/add/ HTTP/1.1" 200 10025
"GET /admin/jsi18n/ HTTP/1.1" 200 17546
"POST /admin/myapp2/category/add/ HTTP/1.1" 302 0
"GET /admin/myapp2/category/ HTTP/1.1" 200 11231
"GET /admin/jsi18n/ HTTP/1.1" 200 17546
"GET /admin/myapp2/category/add/ HTTP/1.1" 200 10025
"GET /admin/jsi18n/ HTTP/1.1" 200 17546
"POST /admin/myapp2/category/add/ HTTP/1.1" 302 0
"GET /admin/myapp2/category/ HTTP/1.1" 200 11555
"GET /admin/jsi18n/ HTTP/1.1" 200 17546
"GET /admin/myapp2/category/add/ HTTP/1.1" 200 10025
"GET /admin/jsi18n/ HTTP/1.1" 200 17546
"POST /admin/myapp2/category/add/ HTTP/1.1" 302 0
"GET /admin/myapp2/category/ HTTP/1.1" 200 11880
"GET /admin/jsi18n/ HTTP/1.1" 200 17546
"GET /admin/myapp2/furniture/ HTTP/1.1" 200 9191
"GET /admin/jsi18n/ HTTP/1.1" 200 17546
"GET /admin/myapp2/furniture/add/ HTTP/1.1" 200 14491
"GET /admin/jsi18n/ HTTP/1.1" 200 17546
"GET /admin/myapp2/product/ HTTP/1.1" 200 9177
"GET /admin/jsi18n/ HTTP/1.1" 200 17546
"GET /admin/myapp2/product/add/ HTTP/1.1" 200 11920
"GET /admin/jsi18n/ HTTP/1.1" 200 17546
"POST /admin/myapp2/product/add/ HTTP/1.1" 302 0
"GET /admin/myapp2/product/ HTTP/1.1" 200 10929
"GET /admin/jsi18n/ HTTP/1.1" 200 17546
"GET /admin/myapp2/product/ HTTP/1.1" 200 10709
"GET /admin/jsi18n/ HTTP/1.1" 200 17546
"GET /admin/myapp2/product/1/change/ HTTP/1.1" 200 12319
"GET /admin/jsi18n/ HTTP/1.1" 200 17546
"GET /admin/myapp2/product/ HTTP/1.1" 200 10709
"GET /admin/jsi18n/ HTTP/1.1" 200 17546
"GET /admin/myapp2/category/add/ HTTP/1.1" 200 10025
"GET /admin/jsi18n/ HTTP/1.1" 200 17546
"GET /admin/myapp2/furniture/ HTTP/1.1" 200 9191
"GET /admin/jsi18n/ HTTP/1.1" 200 17546
"GET /admin/myapp2/category/ HTTP/1.1" 200 11671
"GET /admin/jsi18n/ HTTP/1.1" 200 17546
"POST /admin/myapp2/category/ HTTP/1.1" 302 0
"GET /admin/myapp2/category/ HTTP/1.1" 200 11814
"GET /admin/jsi18n/ HTTP/1.1" 200 17546
"GET /static/admin/img/icon-alert.svg HTTP/1.1" 200 504
"GET /admin/myapp2/furniture/ HTTP/1.1" 200 9191
"GET /admin/jsi18n/ HTTP/1.1" 200 17546
"GET /admin/myapp2/product/ HTTP/1.1" 200 10709
"GET /admin/jsi18n/ HTTP/1.1" 200 17546
"GET /admin/myapp2/product/ HTTP/1.1" 200 10709
"GET /admin/jsi18n/ HTTP/1.1" 200 17546
"GET /admin/myapp2/product/1/change/ HTTP/1.1" 200 12319
"GET /admin/jsi18n/ HTTP/1.1" 200 17546
"GET /admin/myapp2/order/ HTTP/1.1" 200 9163
"GET /admin/jsi18n/ HTTP/1.1" 200 17546
"GET /admin/myapp2/category/ HTTP/1.1" 200 11671
"GET /admin/jsi18n/ HTTP/1.1" 200 17546
"GET /admin/myapp2/category/ HTTP/1.1" 200 11671
"GET /admin/jsi18n/ HTTP/1.1" 200 17546
"GET /admin/myapp2/product/ HTTP/1.1" 200 10709
"GET /admin/jsi18n/ HTTP/1.1" 200 17546
"GET /admin/myapp2/product/1/change/ HTTP/1.1" 200 12319
"GET /admin/jsi18n/ HTTP/1.1" 200 17546
"GET /admin/myapp2/furniture/ HTTP/1.1" 200 9191
"GET /admin/jsi18n/ HTTP/1.1" 200 17546
"GET /admin/myapp2/furniture/add/ HTTP/1.1" 200 14491
"GET /admin/jsi18n/ HTTP/1.1" 200 17546
"GET /admin/myapp2/product/ HTTP/1.1" 200 10709
"GET /admin/jsi18n/ HTTP/1.1" 200 17546
"GET /admin/myapp2/product/ HTTP/1.1" 200 10709
"GET /admin/jsi18n/ HTTP/1.1" 200 17546
"GET /admin/myapp2/order/ HTTP/1.1" 200 9163
"GET /admin/jsi18n/ HTTP/1.1" 200 17546
"GET /admin/myapp2/order/add/ HTTP/1.1" 200 13206
"GET /admin/jsi18n/ HTTP/1.1" 200 17546
"GET /admin/myapp2/furniture/ HTTP/1.1" 200 9191
"GET /admin/jsi18n/ HTTP/1.1" 200 17546
"GET /admin/myapp2/furniture/ HTTP/1.1" 200 9191
"GET /admin/jsi18n/ HTTP/1.1" 200 17546
"GET /admin/myapp2/furniture/add/ HTTP/1.1" 200 14491
"GET /admin/jsi18n/ HTTP/1.1" 200 17546
Watching for file changes with StatReloader
Watching for file changes with StatReloader
/Users/alexanderzagaynov/PycharmProjects/DiplomProject/myproject/myapp2/models.py changed, reloading.
Watching for file changes with StatReloader
Watching for file changes with StatReloader
Watching for file changes with StatReloader
"GET / HTTP/1.1" 200 15116
- Broken pipe from ('127.0.0.1', 54756)
"GET /admin/ HTTP/1.1" 200 10154
"GET /admin/myapp2/category/ HTTP/1.1" 200 11356
"GET /admin/jsi18n/ HTTP/1.1" 200 17546
"GET /admin/myapp2/product/ HTTP/1.1" 200 10394
"GET /admin/jsi18n/ HTTP/1.1" 200 17546
"GET /admin/myapp2/product/1/change/ HTTP/1.1" 200 12004
"GET /admin/jsi18n/ HTTP/1.1" 200 17546
"GET /admin/myapp2/product/ HTTP/1.1" 200 10394
"GET /admin/jsi18n/ HTTP/1.1" 200 17546
- Broken pipe from ('127.0.0.1', 54757)
/Users/alexanderzagaynov/PycharmProjects/DiplomProject/myproject/myapp2/models.py changed, reloading.
Watching for file changes with StatReloader
/Users/alexanderzagaynov/PycharmProjects/DiplomProject/myproject/myapp2/models.py changed, reloading.
Watching for file changes with StatReloader
/Users/alexanderzagaynov/PycharmProjects/DiplomProject/myproject/myapp2/models.py changed, reloading.
Watching for file changes with StatReloader
"GET / HTTP/1.1" 200 15116
- Broken pipe from ('127.0.0.1', 54806)
"GET /admin/ HTTP/1.1" 200 10154
"GET /admin/myapp2/product/ HTTP/1.1" 200 10366
"GET /admin/jsi18n/ HTTP/1.1" 200 17546
"GET /admin/myapp2/category/ HTTP/1.1" 200 11356
"GET /admin/jsi18n/ HTTP/1.1" 200 17546
"POST /admin/myapp2/category/ HTTP/1.1" 200 9048
"GET /static/admin/js/cancel.js HTTP/1.1" 200 884
"POST /admin/myapp2/category/ HTTP/1.1" 302 0
"GET /admin/myapp2/category/ HTTP/1.1" 200 11178
"GET /admin/jsi18n/ HTTP/1.1" 200 17546
"GET /admin/myapp2/product/ HTTP/1.1" 200 10366
"GET /admin/jsi18n/ HTTP/1.1" 200 17546
"GET /admin/myapp2/category/ HTTP/1.1" 200 11031
"GET /admin/jsi18n/ HTTP/1.1" 200 17546
- Broken pipe from ('127.0.0.1', 54807)
"POST /admin/myapp2/category/ HTTP/1.1" 302 0
"GET /admin/myapp2/category/ HTTP/1.1" 200 11174
"GET /admin/jsi18n/ HTTP/1.1" 200 17546
"POST /admin/myapp2/category/ HTTP/1.1" 302 0
"GET /admin/myapp2/category/ HTTP/1.1" 200 11301
"GET /admin/jsi18n/ HTTP/1.1" 200 17546
"GET /admin/myapp2/category/ HTTP/1.1" 200 11031
"GET /admin/jsi18n/ HTTP/1.1" 200 17546
"GET /admin/myapp2/product/ HTTP/1.1" 200 10366
"GET /admin/jsi18n/ HTTP/1.1" 200 17546
"GET /admin/myapp2/product/1/change/ HTTP/1.1" 200 11962
"GET /admin/jsi18n/ HTTP/1.1" 200 17546
Watching for file changes with StatReloader
Watching for file changes with StatReloader
Watching for file changes with StatReloader
Watching for file changes with StatReloader
Watching for file changes with StatReloader
Watching for file changes with StatReloader
/Users/alexanderzagaynov/PycharmProjects/DiplomProject/myproject/myapp2/admin.py changed, reloading.
Watching for file changes with StatReloader
"GET / HTTP/1.1" 200 15116
"GET /static/myapp/img/mebel61.jpeg HTTP/1.1" 304 0
"GET /static/myapp/img/mebel62.jpeg HTTP/1.1" 304 0
"GET /static/myapp/img/mebel60.jpeg HTTP/1.1" 304 0
"GET /static/myapp/img/mebel63.jpeg HTTP/1.1" 304 0
- Broken pipe from ('127.0.0.1', 55083)
- Broken pipe from ('127.0.0.1', 55079)
/Users/alexanderzagaynov/PycharmProjects/DiplomProject/myproject/myapp2/admin.py changed, reloading.
Watching for file changes with StatReloader
Watching for file changes with StatReloader
"GET / HTTP/1.1" 200 15116
"GET /static/myapp/img/mebel21.jpeg HTTP/1.1" 200 1320113
"GET /static/myapp/img/mebel20.jpeg HTTP/1.1" 200 501693
"GET /static/myapp/img/mebel23.jpeg HTTP/1.1" 200 1214711
"GET /static/myapp/img/mebel22.jpeg HTTP/1.1" 200 1299770
"GET /static/myapp/img/mebel24.jpeg HTTP/1.1" 200 285077
"GET /static/myapp/img/mebel30.jpeg HTTP/1.1" 200 111942
"GET /static/myapp/img/mebel31.jpeg HTTP/1.1" 200 138058
"GET /static/myapp/img/mebel32.jpeg HTTP/1.1" 200 204729
"GET /static/myapp/img/mebel50.jpeg HTTP/1.1" 200 205991
"GET /static/myapp/img/mebel25.jpeg HTTP/1.1" 200 197044
"GET /static/myapp/img/mebel51.jpeg HTTP/1.1" 200 140208
"GET /static/myapp/img/mebel52.jpeg HTTP/1.1" 200 372684
"GET /static/myapp/img/mebel60.jpeg HTTP/1.1" 200 51807
"GET /static/myapp/img/mebel61.jpeg HTTP/1.1" 200 54179
"GET /static/myapp/img/mebel62.jpeg HTTP/1.1" 200 37996
"GET /static/myapp/img/mebel63.jpeg HTTP/1.1" 200 68499
- Broken pipe from ('127.0.0.1', 49405)
Not Found: /favicon.ico
"GET /favicon.ico HTTP/1.1" 404 2423
- Broken pipe from ('127.0.0.1', 49408)
Watching for file changes with StatReloader
"GET / HTTP/1.1" 200 15116
- Broken pipe from ('127.0.0.1', 49411)
- Broken pipe from ('127.0.0.1', 49412)
